Validating found git in: git
Using git 2.25.1 from git
Opening repository for path='/root/reactive/andariegos/andariegos' failed; ex=Failed to execute git {
  "exitCode": 128,
  "gitCommand": "rev-parse",
  "stdout": "",
  "stderr": "fatal: no es un repositorio git (ni ninguno de los directorios superiores): .git\n"
}
Opening repository for path='/root/reactive/andariegos/andariegos/.buckconfig' failed; ex=Error: spawn ENOTDIR
Opening repository for path='/root/reactive/andariegos/andariegos/.editorconfig' failed; ex=Error: spawn ENOTDIR
Opening repository for path='/root/reactive/andariegos/andariegos/.eslintrc.js' failed; ex=Error: spawn ENOTDIR
Opening repository for path='/root/reactive/andariegos/andariegos/.flowconfig' failed; ex=Error: spawn ENOTDIR
Opening repository for path='/root/reactive/andariegos/andariegos/.gitattributes' failed; ex=Error: spawn ENOTDIR
Opening repository for path='/root/reactive/andariegos/andariegos/.gitignore' failed; ex=Error: spawn ENOTDIR
Opening repository for path='/root/reactive/andariegos/andariegos/.prettierrc.js' failed; ex=Error: spawn ENOTDIR
Opening repository for path='/root/reactive/andariegos/andariegos/.watchmanconfig' failed; ex=Error: spawn ENOTDIR
Opening repository for path='/root/reactive/andariegos/andariegos/App.js' failed; ex=Error: spawn ENOTDIR
Opening repository for path='/root/reactive/andariegos/andariegos/App.js.save' failed; ex=Error: spawn ENOTDIR
Opening repository for path='/root/reactive/andariegos/andariegos/__tests__' failed; ex=Failed to execute git {
  "exitCode": 128,
  "gitCommand": "rev-parse",
  "stdout": "",
  "stderr": "fatal: no es un repositorio git (ni ninguno de los directorios superiores): .git\n"
}
Opening repository for path='/root/reactive/andariegos/andariegos/android' failed; ex=Failed to execute git {
  "exitCode": 128,
  "gitCommand": "rev-parse",
  "stdout": "",
  "stderr": "fatal: no es un repositorio git (ni ninguno de los directorios superiores): .git\n"
}
Opening repository for path='/root/reactive/andariegos/andariegos/app.json' failed; ex=Error: spawn ENOTDIR
Opening repository for path='/root/reactive/andariegos/andariegos/babel.config.js' failed; ex=Error: spawn ENOTDIR
Opening repository for path='/root/reactive/andariegos/andariegos/index.js' failed; ex=Error: spawn ENOTDIR
Opening repository for path='/root/reactive/andariegos/andariegos/ios' failed; ex=Failed to execute git {
  "exitCode": 128,
  "gitCommand": "rev-parse",
  "stdout": "",
  "stderr": "fatal: no es un repositorio git (ni ninguno de los directorios superiores): .git\n"
}
Opening repository for path='/root/reactive/andariegos/andariegos/metro.config.js' failed; ex=Error: spawn ENOTDIR
Opening repository for path='/root/reactive/andariegos/andariegos/node_modules' failed; ex=Failed to execute git {
  "exitCode": 128,
  "gitCommand": "rev-parse",
  "stdout": "",
  "stderr": "fatal: no es un repositorio git (ni ninguno de los directorios superiores): .git\n"
}
Opening repository for path='/root/reactive/andariegos/andariegos/package-lock.json' failed; ex=Error: spawn ENOTDIR
Opening repository for path='/root/reactive/andariegos/andariegos/package.json' failed; ex=Error: spawn ENOTDIR
Opening repository for path='/root/reactive/andariegos/andariegos/src' failed; ex=Failed to execute git {
  "exitCode": 128,
  "gitCommand": "rev-parse",
  "stdout": "",
  "stderr": "fatal: no es un repositorio git (ni ninguno de los directorios superiores): .git\n"
}
Opening repository for path='/root/reactive/andariegos/andariegos/src/componentes' failed; ex=Failed to execute git {
  "exitCode": 128,
  "gitCommand": "rev-parse",
  "stdout": "",
  "stderr": "fatal: no es un repositorio git (ni ninguno de los directorios superiores): .git\n"
}
Opening repository for path='/root/reactive/andariegos/andariegos/src/componentes' failed; ex=Failed to execute git {
  "exitCode": 128,
  "gitCommand": "rev-parse",
  "stdout": "",
  "stderr": "fatal: no es un repositorio git (ni ninguno de los directorios superiores): .git\n"
}
Opening repository for path='/root/reactive/andariegos/andariegos/src/componentes' failed; ex=Failed to execute git {
  "exitCode": 128,
  "gitCommand": "rev-parse",
  "stdout": "",
  "stderr": "fatal: no es un repositorio git (ni ninguno de los directorios superiores): .git\n"
}
Opening repository for path='/root/reactive/andariegos/andariegos/src/componentes' failed; ex=Failed to execute git {
  "exitCode": 128,
  "gitCommand": "rev-parse",
  "stdout": "",
  "stderr": "fatal: no es un repositorio git (ni ninguno de los directorios superiores): .git\n"
}
Opening repository for path='/root/reactive/andariegos/andariegos/src/componentes' failed; ex=Failed to execute git {
  "exitCode": 128,
  "gitCommand": "rev-parse",
  "stdout": "",
  "stderr": "fatal: no es un repositorio git (ni ninguno de los directorios superiores): .git\n"
}
Opening repository for path='/root/reactive/andariegos/andariegos/src/componentes' failed; ex=Failed to execute git {
  "exitCode": 128,
  "gitCommand": "rev-parse",
  "stdout": "",
  "stderr": "fatal: no es un repositorio git (ni ninguno de los directorios superiores): .git\n"
}
Opening repository for path='/root/reactive/andariegos/andariegos' failed; ex=Failed to execute git {
  "exitCode": 128,
  "gitCommand": "rev-parse",
  "stdout": "",
  "stderr": "fatal: no es un repositorio git (ni ninguno de los directorios superiores): .git\n"
}
Opening repository for path='/root/reactive/andariegos/andariegos/src/componentes' failed; ex=Failed to execute git {
  "exitCode": 128,
  "gitCommand": "rev-parse",
  "stdout": "",
  "stderr": "fatal: no es un repositorio git (ni ninguno de los directorios superiores): .git\n"
}
Opening repository for path='/root/reactive/andariegos/andariegos/src/componentes' failed; ex=Failed to execute git {
  "exitCode": 128,
  "gitCommand": "rev-parse",
  "stdout": "",
  "stderr": "fatal: no es un repositorio git (ni ninguno de los directorios superiores): .git\n"
}
Opening repository for path='/root/reactive/andariegos/andariegos/src/componentes' failed; ex=Failed to execute git {
  "exitCode": 128,
  "gitCommand": "rev-parse",
  "stdout": "",
  "stderr": "fatal: no es un repositorio git (ni ninguno de los directorios superiores): .git\n"
}
Opening repository for path='/root/reactive/andariegos/andariegos' failed; ex=Failed to execute git {
  "exitCode": 128,
  "gitCommand": "rev-parse",
  "stdout": "",
  "stderr": "fatal: no es un repositorio git (ni ninguno de los directorios superiores): .git\n"
}
Opening repository for path='/root/reactive/andariegos/andariegos/src/componentes' failed; ex=Failed to execute git {
  "exitCode": 128,
  "gitCommand": "rev-parse",
  "stdout": "",
  "stderr": "fatal: no es un repositorio git (ni ninguno de los directorios superiores): .git\n"
}
Opening repository for path='/root/reactive/andariegos/andariegos' failed; ex=Failed to execute git {
  "exitCode": 128,
  "gitCommand": "rev-parse",
  "stdout": "",
  "stderr": "fatal: no es un repositorio git (ni ninguno de los directorios superiores): .git\n"
}
Opening repository for path='/root/reactive/andariegos/andariegos/src/componentes' failed; ex=Failed to execute git {
  "exitCode": 128,
  "gitCommand": "rev-parse",
  "stdout": "",
  "stderr": "fatal: no es un repositorio git (ni ninguno de los directorios superiores): .git\n"
}
Opening repository for path='/root/reactive/andariegos/andariegos' failed; ex=Failed to execute git {
  "exitCode": 128,
  "gitCommand": "rev-parse",
  "stdout": "",
  "stderr": "fatal: no es un repositorio git (ni ninguno de los directorios superiores): .git\n"
}
Opening repository for path='/root/reactive/andariegos/andariegos/src/componentes' failed; ex=Failed to execute git {
  "exitCode": 128,
  "gitCommand": "rev-parse",
  "stdout": "",
  "stderr": "fatal: no es un repositorio git (ni ninguno de los directorios superiores): .git\n"
}
Opening repository for path='/root/reactive/andariegos/andariegos/src/componentes' failed; ex=Failed to execute git {
  "exitCode": 128,
  "gitCommand": "rev-parse",
  "stdout": "",
  "stderr": "fatal: no es un repositorio git (ni ninguno de los directorios superiores): .git\n"
}
Opening repository for path='/root/reactive/andariegos/andariegos/src/componentes' failed; ex=Failed to execute git {
  "exitCode": 128,
  "gitCommand": "rev-parse",
  "stdout": "",
  "stderr": "fatal: no es un repositorio git (ni ninguno de los directorios superiores): .git\n"
}
Opening repository for path='/root/reactive/andariegos/andariegos/src/componentes' failed; ex=Failed to execute git {
  "exitCode": 128,
  "gitCommand": "rev-parse",
  "stdout": "",
  "stderr": "fatal: no es un repositorio git (ni ninguno de los directorios superiores): .git\n"
}
Opening repository for path='/root/reactive/andariegos/andariegos/src/componentes' failed; ex=Failed to execute git {
  "exitCode": 128,
  "gitCommand": "rev-parse",
  "stdout": "",
  "stderr": "fatal: no es un repositorio git (ni ninguno de los directorios superiores): .git\n"
}
Opening repository for path='/root/reactive/andariegos/andariegos/src/componentes' failed; ex=Failed to execute git {
  "exitCode": 128,
  "gitCommand": "rev-parse",
  "stdout": "",
  "stderr": "fatal: no es un repositorio git (ni ninguno de los directorios superiores): .git\n"
}
Opening repository for path='/root/reactive/andariegos/andariegos/src/componentes' failed; ex=Failed to execute git {
  "exitCode": 128,
  "gitCommand": "rev-parse",
  "stdout": "",
  "stderr": "fatal: no es un repositorio git (ni ninguno de los directorios superiores): .git\n"
}
Opening repository for path='/root/reactive/andariegos/andariegos/src/componentes' failed; ex=Failed to execute git {
  "exitCode": 128,
  "gitCommand": "rev-parse",
  "stdout": "",
  "stderr": "fatal: no es un repositorio git (ni ninguno de los directorios superiores): .git\n"
}
Opening repository for path='/root/reactive/andariegos/andariegos/src/componentes' failed; ex=Failed to execute git {
  "exitCode": 128,
  "gitCommand": "rev-parse",
  "stdout": "",
  "stderr": "fatal: no es un repositorio git (ni ninguno de los directorios superiores): .git\n"
}
Opening repository for path='/root/reactive/andariegos/andariegos/src/componentes' failed; ex=Failed to execute git {
  "exitCode": 128,
  "gitCommand": "rev-parse",
  "stdout": "",
  "stderr": "fatal: no es un repositorio git (ni ninguno de los directorios superiores): .git\n"
}
Opening repository for path='/root/reactive/andariegos/andariegos' failed; ex=Failed to execute git {
  "exitCode": 128,
  "gitCommand": "rev-parse",
  "stdout": "",
  "stderr": "fatal: no es un repositorio git (ni ninguno de los directorios superiores): .git\n"
}
Opening repository for path='/root/reactive/andariegos/andariegos/src/componentes' failed; ex=Failed to execute git {
  "exitCode": 128,
  "gitCommand": "rev-parse",
  "stdout": "",
  "stderr": "fatal: no es un repositorio git (ni ninguno de los directorios superiores): .git\n"
}
Opening repository for path='/root/reactive/andariegos/andariegos' failed; ex=Failed to execute git {
  "exitCode": 128,
  "gitCommand": "rev-parse",
  "stdout": "",
  "stderr": "fatal: no es un repositorio git (ni ninguno de los directorios superiores): .git\n"
}
Opening repository for path='/root/reactive/andariegos/andariegos/src/componentes' failed; ex=Failed to execute git {
  "exitCode": 128,
  "gitCommand": "rev-parse",
  "stdout": "",
  "stderr": "fatal: no es un repositorio git (ni ninguno de los directorios superiores): .git\n"
}
Opening repository for path='/root/reactive/andariegos/andariegos' failed; ex=Failed to execute git {
  "exitCode": 128,
  "gitCommand": "rev-parse",
  "stdout": "",
  "stderr": "fatal: no es un repositorio git (ni ninguno de los directorios superiores): .git\n"
}
Opening repository for path='/root/reactive/andariegos/andariegos/src/componentes' failed; ex=Failed to execute git {
  "exitCode": 128,
  "gitCommand": "rev-parse",
  "stdout": "",
  "stderr": "fatal: no es un repositorio git (ni ninguno de los directorios superiores): .git\n"
}
Opening repository for path='/root/reactive/andariegos/andariegos' failed; ex=Failed to execute git {
  "exitCode": 128,
  "gitCommand": "rev-parse",
  "stdout": "",
  "stderr": "fatal: no es un repositorio git (ni ninguno de los directorios superiores): .git\n"
}
Opening repository for path='/root/reactive/andariegos/andariegos/src/componentes' failed; ex=Failed to execute git {
  "exitCode": 128,
  "gitCommand": "rev-parse",
  "stdout": "",
  "stderr": "fatal: no es un repositorio git (ni ninguno de los directorios superiores): .git\n"
}
Opening repository for path='/root/reactive/andariegos/andariegos' failed; ex=Failed to execute git {
  "exitCode": 128,
  "gitCommand": "rev-parse",
  "stdout": "",
  "stderr": "fatal: no es un repositorio git (ni ninguno de los directorios superiores): .git\n"
}
Opening repository for path='/root/reactive/andariegos/andariegos/src/componentes' failed; ex=Failed to execute git {
  "exitCode": 128,
  "gitCommand": "rev-parse",
  "stdout": "",
  "stderr": "fatal: no es un repositorio git (ni ninguno de los directorios superiores): .git\n"
}
Opening repository for path='/root/reactive/andariegos/andariegos' failed; ex=Failed to execute git {
  "exitCode": 128,
  "gitCommand": "rev-parse",
  "stdout": "",
  "stderr": "fatal: no es un repositorio git (ni ninguno de los directorios superiores): .git\n"
}
Opening repository for path='/root/reactive/andariegos/andariegos/src/componentes' failed; ex=Failed to execute git {
  "exitCode": 128,
  "gitCommand": "rev-parse",
  "stdout": "",
  "stderr": "fatal: no es un repositorio git (ni ninguno de los directorios superiores): .git\n"
}
Opening repository for path='/root/reactive/andariegos/andariegos' failed; ex=Failed to execute git {
  "exitCode": 128,
  "gitCommand": "rev-parse",
  "stdout": "",
  "stderr": "fatal: no es un repositorio git (ni ninguno de los directorios superiores): .git\n"
}
Opening repository for path='/root/reactive/andariegos/andariegos/src/componentes' failed; ex=Failed to execute git {
  "exitCode": 128,
  "gitCommand": "rev-parse",
  "stdout": "",
  "stderr": "fatal: no es un repositorio git (ni ninguno de los directorios superiores): .git\n"
}
Opening repository for path='/root/reactive/andariegos/andariegos' failed; ex=Failed to execute git {
  "exitCode": 128,
  "gitCommand": "rev-parse",
  "stdout": "",
  "stderr": "fatal: no es un repositorio git (ni ninguno de los directorios superiores): .git\n"
}
Opening repository for path='/root/reactive/andariegos/andariegos/src/componentes' failed; ex=Failed to execute git {
  "exitCode": 128,
  "gitCommand": "rev-parse",
  "stdout": "",
  "stderr": "fatal: no es un repositorio git (ni ninguno de los directorios superiores): .git\n"
}
Opening repository for path='/root/reactive/andariegos/andariegos' failed; ex=Failed to execute git {
  "exitCode": 128,
  "gitCommand": "rev-parse",
  "stdout": "",
  "stderr": "fatal: no es un repositorio git (ni ninguno de los directorios superiores): .git\n"
}
Opening repository for path='/root/reactive/andariegos/andariegos/src/componentes' failed; ex=Failed to execute git {
  "exitCode": 128,
  "gitCommand": "rev-parse",
  "stdout": "",
  "stderr": "fatal: no es un repositorio git (ni ninguno de los directorios superiores): .git\n"
}
Opening repository for path='/root/reactive/andariegos/andariegos' failed; ex=Failed to execute git {
  "exitCode": 128,
  "gitCommand": "rev-parse",
  "stdout": "",
  "stderr": "fatal: no es un repositorio git (ni ninguno de los directorios superiores): .git\n"
}
Opening repository for path='/root/reactive/andariegos/andariegos/src/componentes' failed; ex=Failed to execute git {
  "exitCode": 128,
  "gitCommand": "rev-parse",
  "stdout": "",
  "stderr": "fatal: no es un repositorio git (ni ninguno de los directorios superiores): .git\n"
}
Opening repository for path='/root/reactive/andariegos/andariegos' failed; ex=Failed to execute git {
  "exitCode": 128,
  "gitCommand": "rev-parse",
  "stdout": "",
  "stderr": "fatal: no es un repositorio git (ni ninguno de los directorios superiores): .git\n"
}
Opening repository for path='/root/reactive/andariegos/andariegos/src/componentes' failed; ex=Failed to execute git {
  "exitCode": 128,
  "gitCommand": "rev-parse",
  "stdout": "",
  "stderr": "fatal: no es un repositorio git (ni ninguno de los directorios superiores): .git\n"
}
Opening repository for path='/root/reactive/andariegos/andariegos/src/componentes' failed; ex=Failed to execute git {
  "exitCode": 128,
  "gitCommand": "rev-parse",
  "stdout": "",
  "stderr": "fatal: no es un repositorio git (ni ninguno de los directorios superiores): .git\n"
}
Opening repository for path='/root/reactive/andariegos/andariegos/src/componentes' failed; ex=Failed to execute git {
  "exitCode": 128,
  "gitCommand": "rev-parse",
  "stdout": "",
  "stderr": "fatal: no es un repositorio git (ni ninguno de los directorios superiores): .git\n"
}
Opening repository for path='/root/reactive/andariegos/andariegos/src/componentes' failed; ex=Failed to execute git {
  "exitCode": 128,
  "gitCommand": "rev-parse",
  "stdout": "",
  "stderr": "fatal: no es un repositorio git (ni ninguno de los directorios superiores): .git\n"
}
Opening repository for path='/root/reactive/andariegos/andariegos/src/componentes' failed; ex=Failed to execute git {
  "exitCode": 128,
  "gitCommand": "rev-parse",
  "stdout": "",
  "stderr": "fatal: no es un repositorio git (ni ninguno de los directorios superiores): .git\n"
}
Opening repository for path='/root/reactive/andariegos/andariegos/src/componentes' failed; ex=Failed to execute git {
  "exitCode": 128,
  "gitCommand": "rev-parse",
  "stdout": "",
  "stderr": "fatal: no es un repositorio git (ni ninguno de los directorios superiores): .git\n"
}
Opening repository for path='/root/reactive/andariegos/andariegos/src/componentes' failed; ex=Failed to execute git {
  "exitCode": 128,
  "gitCommand": "rev-parse",
  "stdout": "",
  "stderr": "fatal: no es un repositorio git (ni ninguno de los directorios superiores): .git\n"
}
Opening repository for path='/root/reactive/andariegos/andariegos/src/componentes' failed; ex=Failed to execute git {
  "exitCode": 128,
  "gitCommand": "rev-parse",
  "stdout": "",
  "stderr": "fatal: no es un repositorio git (ni ninguno de los directorios superiores): .git\n"
}
Opening repository for path='/root/reactive/andariegos/andariegos/src/componentes' failed; ex=Failed to execute git {
  "exitCode": 128,
  "gitCommand": "rev-parse",
  "stdout": "",
  "stderr": "fatal: no es un repositorio git (ni ninguno de los directorios superiores): .git\n"
}
Opening repository for path='/root/reactive/andariegos/andariegos/src/componentes' failed; ex=Failed to execute git {
  "exitCode": 128,
  "gitCommand": "rev-parse",
  "stdout": "",
  "stderr": "fatal: no es un repositorio git (ni ninguno de los directorios superiores): .git\n"
}
Opening repository for path='/root/reactive/andariegos/andariegos/src/componentes' failed; ex=Failed to execute git {
  "exitCode": 128,
  "gitCommand": "rev-parse",
  "stdout": "",
  "stderr": "fatal: no es un repositorio git (ni ninguno de los directorios superiores): .git\n"
}
Opening repository for path='/root/reactive/andariegos/andariegos/src/componentes' failed; ex=Failed to execute git {
  "exitCode": 128,
  "gitCommand": "rev-parse",
  "stdout": "",
  "stderr": "fatal: no es un repositorio git (ni ninguno de los directorios superiores): .git\n"
}
Opening repository for path='/root/reactive/andariegos/andariegos/src/componentes' failed; ex=Failed to execute git {
  "exitCode": 128,
  "gitCommand": "rev-parse",
  "stdout": "",
  "stderr": "fatal: no es un repositorio git (ni ninguno de los directorios superiores): .git\n"
}
Opening repository for path='/root/reactive/andariegos/andariegos/src/componentes' failed; ex=Failed to execute git {
  "exitCode": 128,
  "gitCommand": "rev-parse",
  "stdout": "",
  "stderr": "fatal: no es un repositorio git (ni ninguno de los directorios superiores): .git\n"
}
Opening repository for path='/root/reactive/andariegos/andariegos/src/componentes' failed; ex=Failed to execute git {
  "exitCode": 128,
  "gitCommand": "rev-parse",
  "stdout": "",
  "stderr": "fatal: no es un repositorio git (ni ninguno de los directorios superiores): .git\n"
}
Opening repository for path='/root/reactive/andariegos/andariegos' failed; ex=Failed to execute git {
  "exitCode": 128,
  "gitCommand": "rev-parse",
  "stdout": "",
  "stderr": "fatal: no es un repositorio git (ni ninguno de los directorios superiores): .git\n"
}
Opening repository for path='/root/reactive/andariegos/andariegos/src/componentes' failed; ex=Failed to execute git {
  "exitCode": 128,
  "gitCommand": "rev-parse",
  "stdout": "",
  "stderr": "fatal: no es un repositorio git (ni ninguno de los directorios superiores): .git\n"
}
Opening repository for path='/root/reactive/andariegos/andariegos/src/componentes' failed; ex=Failed to execute git {
  "exitCode": 128,
  "gitCommand": "rev-parse",
  "stdout": "",
  "stderr": "fatal: no es un repositorio git (ni ninguno de los directorios superiores): .git\n"
}
Opening repository for path='/root/reactive/andariegos/andariegos/src/componentes' failed; ex=Failed to execute git {
  "exitCode": 128,
  "gitCommand": "rev-parse",
  "stdout": "",
  "stderr": "fatal: no es un repositorio git (ni ninguno de los directorios superiores): .git\n"
}
Opening repository for path='/root/reactive/andariegos/andariegos/src/componentes' failed; ex=Failed to execute git {
  "exitCode": 128,
  "gitCommand": "rev-parse",
  "stdout": "",
  "stderr": "fatal: no es un repositorio git (ni ninguno de los directorios superiores): .git\n"
}
Opening repository for path='/root/reactive/andariegos/andariegos/src/componentes' failed; ex=Failed to execute git {
  "exitCode": 128,
  "gitCommand": "rev-parse",
  "stdout": "",
  "stderr": "fatal: no es un repositorio git (ni ninguno de los directorios superiores): .git\n"
}
Opening repository for path='/root/reactive/andariegos/andariegos/src/componentes' failed; ex=Failed to execute git {
  "exitCode": 128,
  "gitCommand": "rev-parse",
  "stdout": "",
  "stderr": "fatal: no es un repositorio git (ni ninguno de los directorios superiores): .git\n"
}
Opening repository for path='/root/reactive/andariegos/andariegos/src/componentes' failed; ex=Failed to execute git {
  "exitCode": 128,
  "gitCommand": "rev-parse",
  "stdout": "",
  "stderr": "fatal: no es un repositorio git (ni ninguno de los directorios superiores): .git\n"
}
Opening repository for path='/root/reactive/andariegos/andariegos/src/componentes' failed; ex=Failed to execute git {
  "exitCode": 128,
  "gitCommand": "rev-parse",
  "stdout": "",
  "stderr": "fatal: no es un repositorio git (ni ninguno de los directorios superiores): .git\n"
}
Opening repository for path='/root/reactive/andariegos/andariegos/src/componentes' failed; ex=Failed to execute git {
  "exitCode": 128,
  "gitCommand": "rev-parse",
  "stdout": "",
  "stderr": "fatal: no es un repositorio git (ni ninguno de los directorios superiores): .git\n"
}
Opening repository for path='/root/reactive/andariegos/andariegos/src/componentes' failed; ex=Failed to execute git {
  "exitCode": 128,
  "gitCommand": "rev-parse",
  "stdout": "",
  "stderr": "fatal: no es un repositorio git (ni ninguno de los directorios superiores): .git\n"
}
Opening repository for path='/root/reactive/andariegos/andariegos/src/componentes' failed; ex=Failed to execute git {
  "exitCode": 128,
  "gitCommand": "rev-parse",
  "stdout": "",
  "stderr": "fatal: no es un repositorio git (ni ninguno de los directorios superiores): .git\n"
}
Opening repository for path='/root/reactive/andariegos/andariegos/src/componentes' failed; ex=Failed to execute git {
  "exitCode": 128,
  "gitCommand": "rev-parse",
  "stdout": "",
  "stderr": "fatal: no es un repositorio git (ni ninguno de los directorios superiores): .git\n"
}
Opening repository for path='/root/reactive/andariegos/andariegos/src/componentes' failed; ex=Failed to execute git {
  "exitCode": 128,
  "gitCommand": "rev-parse",
  "stdout": "",
  "stderr": "fatal: no es un repositorio git (ni ninguno de los directorios superiores): .git\n"
}
Opening repository for path='/root/reactive/andariegos/andariegos/src/componentes' failed; ex=Failed to execute git {
  "exitCode": 128,
  "gitCommand": "rev-parse",
  "stdout": "",
  "stderr": "fatal: no es un repositorio git (ni ninguno de los directorios superiores): .git\n"
}
Opening repository for path='/root/reactive/andariegos/andariegos/src/componentes' failed; ex=Failed to execute git {
  "exitCode": 128,
  "gitCommand": "rev-parse",
  "stdout": "",
  "stderr": "fatal: no es un repositorio git (ni ninguno de los directorios superiores): .git\n"
}
Opening repository for path='/root/reactive/andariegos/andariegos/src/componentes' failed; ex=Failed to execute git {
  "exitCode": 128,
  "gitCommand": "rev-parse",
  "stdout": "",
  "stderr": "fatal: no es un repositorio git (ni ninguno de los directorios superiores): .git\n"
}
Opening repository for path='/root/reactive/andariegos/andariegos/src/componentes' failed; ex=Failed to execute git {
  "exitCode": 128,
  "gitCommand": "rev-parse",
  "stdout": "",
  "stderr": "fatal: no es un repositorio git (ni ninguno de los directorios superiores): .git\n"
}
Opening repository for path='/root/reactive/andariegos/andariegos/src/componentes' failed; ex=Failed to execute git {
  "exitCode": 128,
  "gitCommand": "rev-parse",
  "stdout": "",
  "stderr": "fatal: no es un repositorio git (ni ninguno de los directorios superiores): .git\n"
}
Opening repository for path='/root/reactive/andariegos/andariegos/src/componentes' failed; ex=Failed to execute git {
  "exitCode": 128,
  "gitCommand": "rev-parse",
  "stdout": "",
  "stderr": "fatal: no es un repositorio git (ni ninguno de los directorios superiores): .git\n"
}
Opening repository for path='/root/reactive/andariegos/andariegos/src/componentes' failed; ex=Failed to execute git {
  "exitCode": 128,
  "gitCommand": "rev-parse",
  "stdout": "",
  "stderr": "fatal: no es un repositorio git (ni ninguno de los directorios superiores): .git\n"
}
Opening repository for path='/root/reactive/andariegos/andariegos/src/componentes' failed; ex=Failed to execute git {
  "exitCode": 128,
  "gitCommand": "rev-parse",
  "stdout": "",
  "stderr": "fatal: no es un repositorio git (ni ninguno de los directorios superiores): .git\n"
}
Opening repository for path='/root/reactive/andariegos/andariegos/src/componentes' failed; ex=Failed to execute git {
  "exitCode": 128,
  "gitCommand": "rev-parse",
  "stdout": "",
  "stderr": "fatal: no es un repositorio git (ni ninguno de los directorios superiores): .git\n"
}
Opening repository for path='/root/reactive/andariegos/andariegos/src/componentes' failed; ex=Failed to execute git {
  "exitCode": 128,
  "gitCommand": "rev-parse",
  "stdout": "",
  "stderr": "fatal: no es un repositorio git (ni ninguno de los directorios superiores): .git\n"
}
Opening repository for path='/root/reactive/andariegos/andariegos/src/componentes' failed; ex=Failed to execute git {
  "exitCode": 128,
  "gitCommand": "rev-parse",
  "stdout": "",
  "stderr": "fatal: no es un repositorio git (ni ninguno de los directorios superiores): .git\n"
}
Opening repository for path='/root/reactive/andariegos/andariegos' failed; ex=Failed to execute git {
  "exitCode": 128,
  "gitCommand": "rev-parse",
  "stdout": "",
  "stderr": "fatal: no es un repositorio git (ni ninguno de los directorios superiores): .git\n"
}
Opening repository for path='/root/reactive/andariegos/andariegos/src/componentes' failed; ex=Failed to execute git {
  "exitCode": 128,
  "gitCommand": "rev-parse",
  "stdout": "",
  "stderr": "fatal: no es un repositorio git (ni ninguno de los directorios superiores): .git\n"
}
Opening repository for path='/root/reactive/andariegos/andariegos' failed; ex=Failed to execute git {
  "exitCode": 128,
  "gitCommand": "rev-parse",
  "stdout": "",
  "stderr": "fatal: no es un repositorio git (ni ninguno de los directorios superiores): .git\n"
}
Opening repository for path='/root/reactive/andariegos/andariegos/src/componentes' failed; ex=Failed to execute git {
  "exitCode": 128,
  "gitCommand": "rev-parse",
  "stdout": "",
  "stderr": "fatal: no es un repositorio git (ni ninguno de los directorios superiores): .git\n"
}
Opening repository for path='/root/reactive/andariegos/andariegos' failed; ex=Failed to execute git {
  "exitCode": 128,
  "gitCommand": "rev-parse",
  "stdout": "",
  "stderr": "fatal: no es un repositorio git (ni ninguno de los directorios superiores): .git\n"
}
Opening repository for path='/root/reactive/andariegos/andariegos/src/componentes' failed; ex=Failed to execute git {
  "exitCode": 128,
  "gitCommand": "rev-parse",
  "stdout": "",
  "stderr": "fatal: no es un repositorio git (ni ninguno de los directorios superiores): .git\n"
}
Opening repository for path='/root/reactive/andariegos/andariegos/src/componentes' failed; ex=Failed to execute git {
  "exitCode": 128,
  "gitCommand": "rev-parse",
  "stdout": "",
  "stderr": "fatal: no es un repositorio git (ni ninguno de los directorios superiores): .git\n"
}
Opening repository for path='/root/reactive/andariegos/andariegos/src/componentes' failed; ex=Failed to execute git {
  "exitCode": 128,
  "gitCommand": "rev-parse",
  "stdout": "",
  "stderr": "fatal: no es un repositorio git (ni ninguno de los directorios superiores): .git\n"
}
Opening repository for path='/root/reactive/andariegos/andariegos/src/componentes' failed; ex=Failed to execute git {
  "exitCode": 128,
  "gitCommand": "rev-parse",
  "stdout": "",
  "stderr": "fatal: no es un repositorio git (ni ninguno de los directorios superiores): .git\n"
}
Opening repository for path='/root/reactive/andariegos/andariegos/src/componentes' failed; ex=Failed to execute git {
  "exitCode": 128,
  "gitCommand": "rev-parse",
  "stdout": "",
  "stderr": "fatal: no es un repositorio git (ni ninguno de los directorios superiores): .git\n"
}
Opening repository for path='/root/reactive/andariegos/andariegos/src/componentes' failed; ex=Failed to execute git {
  "exitCode": 128,
  "gitCommand": "rev-parse",
  "stdout": "",
  "stderr": "fatal: no es un repositorio git (ni ninguno de los directorios superiores): .git\n"
}
Opening repository for path='/root/reactive/andariegos/andariegos/src/componentes' failed; ex=Failed to execute git {
  "exitCode": 128,
  "gitCommand": "rev-parse",
  "stdout": "",
  "stderr": "fatal: no es un repositorio git (ni ninguno de los directorios superiores): .git\n"
}
Opening repository for path='/root/reactive/andariegos/andariegos/src/componentes' failed; ex=Failed to execute git {
  "exitCode": 128,
  "gitCommand": "rev-parse",
  "stdout": "",
  "stderr": "fatal: no es un repositorio git (ni ninguno de los directorios superiores): .git\n"
}
Opening repository for path='/root/reactive/andariegos/andariegos' failed; ex=Failed to execute git {
  "exitCode": 128,
  "gitCommand": "rev-parse",
  "stdout": "",
  "stderr": "fatal: no es un repositorio git (ni ninguno de los directorios superiores): .git\n"
}
Opening repository for path='/root/reactive/andariegos/andariegos/src/componentes' failed; ex=Failed to execute git {
  "exitCode": 128,
  "gitCommand": "rev-parse",
  "stdout": "",
  "stderr": "fatal: no es un repositorio git (ni ninguno de los directorios superiores): .git\n"
}
Opening repository for path='/root/reactive/andariegos/andariegos/src/componentes' failed; ex=Failed to execute git {
  "exitCode": 128,
  "gitCommand": "rev-parse",
  "stdout": "",
  "stderr": "fatal: no es un repositorio git (ni ninguno de los directorios superiores): .git\n"
}
Opening repository for path='/root/reactive/andariegos/andariegos/src/componentes' failed; ex=Failed to execute git {
  "exitCode": 128,
  "gitCommand": "rev-parse",
  "stdout": "",
  "stderr": "fatal: no es un repositorio git (ni ninguno de los directorios superiores): .git\n"
}
Opening repository for path='/root/reactive/andariegos/andariegos' failed; ex=Failed to execute git {
  "exitCode": 128,
  "gitCommand": "rev-parse",
  "stdout": "",
  "stderr": "fatal: no es un repositorio git (ni ninguno de los directorios superiores): .git\n"
}
Opening repository for path='/root/reactive/andariegos/andariegos/src/componentes' failed; ex=Failed to execute git {
  "exitCode": 128,
  "gitCommand": "rev-parse",
  "stdout": "",
  "stderr": "fatal: no es un repositorio git (ni ninguno de los directorios superiores): .git\n"
}
Opening repository for path='/root/reactive/andariegos/andariegos/src/componentes' failed; ex=Failed to execute git {
  "exitCode": 128,
  "gitCommand": "rev-parse",
  "stdout": "",
  "stderr": "fatal: no es un repositorio git (ni ninguno de los directorios superiores): .git\n"
}
Opening repository for path='/root/reactive/andariegos/andariegos' failed; ex=Failed to execute git {
  "exitCode": 128,
  "gitCommand": "rev-parse",
  "stdout": "",
  "stderr": "fatal: no es un repositorio git (ni ninguno de los directorios superiores): .git\n"
}
Opening repository for path='/root/reactive/andariegos/andariegos/src/componentes' failed; ex=Failed to execute git {
  "exitCode": 128,
  "gitCommand": "rev-parse",
  "stdout": "",
  "stderr": "fatal: no es un repositorio git (ni ninguno de los directorios superiores): .git\n"
}
Opening repository for path='/root/reactive/andariegos/andariegos' failed; ex=Failed to execute git {
  "exitCode": 128,
  "gitCommand": "rev-parse",
  "stdout": "",
  "stderr": "fatal: no es un repositorio git (ni ninguno de los directorios superiores): .git\n"
}
Opening repository for path='/root/reactive/andariegos/andariegos/src/componentes' failed; ex=Failed to execute git {
  "exitCode": 128,
  "gitCommand": "rev-parse",
  "stdout": "",
  "stderr": "fatal: no es un repositorio git (ni ninguno de los directorios superiores): .git\n"
}
Opening repository for path='/root/reactive/andariegos/andariegos/src/componentes' failed; ex=Failed to execute git {
  "exitCode": 128,
  "gitCommand": "rev-parse",
  "stdout": "",
  "stderr": "fatal: no es un repositorio git (ni ninguno de los directorios superiores): .git\n"
}
Opening repository for path='/root/reactive/andariegos/andariegos' failed; ex=Failed to execute git {
  "exitCode": 128,
  "gitCommand": "rev-parse",
  "stdout": "",
  "stderr": "fatal: no es un repositorio git (ni ninguno de los directorios superiores): .git\n"
}
Opening repository for path='/root/reactive/andariegos/andariegos/src/componentes' failed; ex=Failed to execute git {
  "exitCode": 128,
  "gitCommand": "rev-parse",
  "stdout": "",
  "stderr": "fatal: no es un repositorio git (ni ninguno de los directorios superiores): .git\n"
}
Opening repository for path='/root/reactive/andariegos/andariegos/src/componentes' failed; ex=Failed to execute git {
  "exitCode": 128,
  "gitCommand": "rev-parse",
  "stdout": "",
  "stderr": "fatal: no es un repositorio git (ni ninguno de los directorios superiores): .git\n"
}
Opening repository for path='/root/reactive/andariegos/andariegos/src/componentes' failed; ex=Failed to execute git {
  "exitCode": 128,
  "gitCommand": "rev-parse",
  "stdout": "",
  "stderr": "fatal: no es un repositorio git (ni ninguno de los directorios superiores): .git\n"
}
Opening repository for path='/root/reactive/andariegos/andariegos/src/componentes' failed; ex=Failed to execute git {
  "exitCode": 128,
  "gitCommand": "rev-parse",
  "stdout": "",
  "stderr": "fatal: no es un repositorio git (ni ninguno de los directorios superiores): .git\n"
}
Opening repository for path='/root/reactive/andariegos/andariegos/src/componentes' failed; ex=Failed to execute git {
  "exitCode": 128,
  "gitCommand": "rev-parse",
  "stdout": "",
  "stderr": "fatal: no es un repositorio git (ni ninguno de los directorios superiores): .git\n"
}
Opening repository for path='/root/reactive/andariegos/andariegos/src/componentes' failed; ex=Failed to execute git {
  "exitCode": 128,
  "gitCommand": "rev-parse",
  "stdout": "",
  "stderr": "fatal: no es un repositorio git (ni ninguno de los directorios superiores): .git\n"
}
Opening repository for path='/root/reactive/andariegos/andariegos/src/componentes' failed; ex=Failed to execute git {
  "exitCode": 128,
  "gitCommand": "rev-parse",
  "stdout": "",
  "stderr": "fatal: no es un repositorio git (ni ninguno de los directorios superiores): .git\n"
}
Opening repository for path='/root/reactive/andariegos/andariegos/src/componentes' failed; ex=Failed to execute git {
  "exitCode": 128,
  "gitCommand": "rev-parse",
  "stdout": "",
  "stderr": "fatal: no es un repositorio git (ni ninguno de los directorios superiores): .git\n"
}
Opening repository for path='/root/reactive/andariegos/andariegos/src/componentes' failed; ex=Failed to execute git {
  "exitCode": 128,
  "gitCommand": "rev-parse",
  "stdout": "",
  "stderr": "fatal: no es un repositorio git (ni ninguno de los directorios superiores): .git\n"
}
Opening repository for path='/root/reactive/andariegos/andariegos/src/componentes' failed; ex=Failed to execute git {
  "exitCode": 128,
  "gitCommand": "rev-parse",
  "stdout": "",
  "stderr": "fatal: no es un repositorio git (ni ninguno de los directorios superiores): .git\n"
}
Opening repository for path='/root/reactive/andariegos/andariegos/src/componentes' failed; ex=Failed to execute git {
  "exitCode": 128,
  "gitCommand": "rev-parse",
  "stdout": "",
  "stderr": "fatal: no es un repositorio git (ni ninguno de los directorios superiores): .git\n"
}
Opening repository for path='/root/reactive/andariegos/andariegos' failed; ex=Failed to execute git {
  "exitCode": 128,
  "gitCommand": "rev-parse",
  "stdout": "",
  "stderr": "fatal: no es un repositorio git (ni ninguno de los directorios superiores): .git\n"
}
Opening repository for path='/root/reactive/andariegos/andariegos/src/componentes' failed; ex=Failed to execute git {
  "exitCode": 128,
  "gitCommand": "rev-parse",
  "stdout": "",
  "stderr": "fatal: no es un repositorio git (ni ninguno de los directorios superiores): .git\n"
}
Opening repository for path='/root/reactive/andariegos/andariegos/src/componentes' failed; ex=Failed to execute git {
  "exitCode": 128,
  "gitCommand": "rev-parse",
  "stdout": "",
  "stderr": "fatal: no es un repositorio git (ni ninguno de los directorios superiores): .git\n"
}
Opening repository for path='/root/reactive/andariegos/andariegos/src/componentes' failed; ex=Failed to execute git {
  "exitCode": 128,
  "gitCommand": "rev-parse",
  "stdout": "",
  "stderr": "fatal: no es un repositorio git (ni ninguno de los directorios superiores): .git\n"
}
Opening repository for path='/root/reactive/andariegos/andariegos' failed; ex=Failed to execute git {
  "exitCode": 128,
  "gitCommand": "rev-parse",
  "stdout": "",
  "stderr": "fatal: no es un repositorio git (ni ninguno de los directorios superiores): .git\n"
}
Opening repository for path='/root/reactive/andariegos/andariegos/src/componentes' failed; ex=Failed to execute git {
  "exitCode": 128,
  "gitCommand": "rev-parse",
  "stdout": "",
  "stderr": "fatal: no es un repositorio git (ni ninguno de los directorios superiores): .git\n"
}
Opening repository for path='/root/reactive/andariegos/andariegos/src/componentes' failed; ex=Failed to execute git {
  "exitCode": 128,
  "gitCommand": "rev-parse",
  "stdout": "",
  "stderr": "fatal: no es un repositorio git (ni ninguno de los directorios superiores): .git\n"
}
Opening repository for path='/root/reactive/andariegos/andariegos/src/componentes' failed; ex=Failed to execute git {
  "exitCode": 128,
  "gitCommand": "rev-parse",
  "stdout": "",
  "stderr": "fatal: no es un repositorio git (ni ninguno de los directorios superiores): .git\n"
}
Opening repository for path='/root/reactive/andariegos/andariegos/src/componentes' failed; ex=Failed to execute git {
  "exitCode": 128,
  "gitCommand": "rev-parse",
  "stdout": "",
  "stderr": "fatal: no es un repositorio git (ni ninguno de los directorios superiores): .git\n"
}
Opening repository for path='/root/reactive/andariegos/andariegos/src/componentes' failed; ex=Failed to execute git {
  "exitCode": 128,
  "gitCommand": "rev-parse",
  "stdout": "",
  "stderr": "fatal: no es un repositorio git (ni ninguno de los directorios superiores): .git\n"
}
Opening repository for path='/root/reactive/andariegos/andariegos/src/componentes' failed; ex=Failed to execute git {
  "exitCode": 128,
  "gitCommand": "rev-parse",
  "stdout": "",
  "stderr": "fatal: no es un repositorio git (ni ninguno de los directorios superiores): .git\n"
}
Opening repository for path='/root/reactive/andariegos/andariegos/src/componentes' failed; ex=Failed to execute git {
  "exitCode": 128,
  "gitCommand": "rev-parse",
  "stdout": "",
  "stderr": "fatal: no es un repositorio git (ni ninguno de los directorios superiores): .git\n"
}
Opening repository for path='/root/reactive/andariegos/andariegos/src/componentes' failed; ex=Failed to execute git {
  "exitCode": 128,
  "gitCommand": "rev-parse",
  "stdout": "",
  "stderr": "fatal: no es un repositorio git (ni ninguno de los directorios superiores): .git\n"
}
Opening repository for path='/root/reactive/andariegos/andariegos/src/componentes' failed; ex=Failed to execute git {
  "exitCode": 128,
  "gitCommand": "rev-parse",
  "stdout": "",
  "stderr": "fatal: no es un repositorio git (ni ninguno de los directorios superiores): .git\n"
}
Opening repository for path='/root/reactive/andariegos/andariegos/src/componentes' failed; ex=Failed to execute git {
  "exitCode": 128,
  "gitCommand": "rev-parse",
  "stdout": "",
  "stderr": "fatal: no es un repositorio git (ni ninguno de los directorios superiores): .git\n"
}
Opening repository for path='/root/reactive/andariegos/andariegos/src/componentes' failed; ex=Failed to execute git {
  "exitCode": 128,
  "gitCommand": "rev-parse",
  "stdout": "",
  "stderr": "fatal: no es un repositorio git (ni ninguno de los directorios superiores): .git\n"
}
Opening repository for path='/root/reactive/andariegos/andariegos/src/componentes' failed; ex=Failed to execute git {
  "exitCode": 128,
  "gitCommand": "rev-parse",
  "stdout": "",
  "stderr": "fatal: no es un repositorio git (ni ninguno de los directorios superiores): .git\n"
}
Opening repository for path='/root/reactive/andariegos/andariegos/src/componentes' failed; ex=Failed to execute git {
  "exitCode": 128,
  "gitCommand": "rev-parse",
  "stdout": "",
  "stderr": "fatal: no es un repositorio git (ni ninguno de los directorios superiores): .git\n"
}
Opening repository for path='/root/reactive/andariegos/andariegos/src/componentes' failed; ex=Failed to execute git {
  "exitCode": 128,
  "gitCommand": "rev-parse",
  "stdout": "",
  "stderr": "fatal: no es un repositorio git (ni ninguno de los directorios superiores): .git\n"
}
Opening repository for path='/root/reactive/andariegos/andariegos/src/componentes' failed; ex=Failed to execute git {
  "exitCode": 128,
  "gitCommand": "rev-parse",
  "stdout": "",
  "stderr": "fatal: no es un repositorio git (ni ninguno de los directorios superiores): .git\n"
}
Opening repository for path='/root/reactive/andariegos/andariegos/src/componentes' failed; ex=Failed to execute git {
  "exitCode": 128,
  "gitCommand": "rev-parse",
  "stdout": "",
  "stderr": "fatal: no es un repositorio git (ni ninguno de los directorios superiores): .git\n"
}
Opening repository for path='/root/reactive/andariegos/andariegos/src/componentes' failed; ex=Failed to execute git {
  "exitCode": 128,
  "gitCommand": "rev-parse",
  "stdout": "",
  "stderr": "fatal: no es un repositorio git (ni ninguno de los directorios superiores): .git\n"
}
Opening repository for path='/root/reactive/andariegos/andariegos/src/componentes' failed; ex=Failed to execute git {
  "exitCode": 128,
  "gitCommand": "rev-parse",
  "stdout": "",
  "stderr": "fatal: no es un repositorio git (ni ninguno de los directorios superiores): .git\n"
}
Opening repository for path='/root/reactive/andariegos/andariegos/src/componentes' failed; ex=Failed to execute git {
  "exitCode": 128,
  "gitCommand": "rev-parse",
  "stdout": "",
  "stderr": "fatal: no es un repositorio git (ni ninguno de los directorios superiores): .git\n"
}
Opening repository for path='/root/reactive/andariegos/andariegos/src/componentes' failed; ex=Failed to execute git {
  "exitCode": 128,
  "gitCommand": "rev-parse",
  "stdout": "",
  "stderr": "fatal: no es un repositorio git (ni ninguno de los directorios superiores): .git\n"
}
Opening repository for path='/root/reactive/andariegos/andariegos/src/componentes' failed; ex=Failed to execute git {
  "exitCode": 128,
  "gitCommand": "rev-parse",
  "stdout": "",
  "stderr": "fatal: no es un repositorio git (ni ninguno de los directorios superiores): .git\n"
}
Opening repository for path='/root/reactive/andariegos/andariegos' failed; ex=Failed to execute git {
  "exitCode": 128,
  "gitCommand": "rev-parse",
  "stdout": "",
  "stderr": "fatal: no es un repositorio git (ni ninguno de los directorios superiores): .git\n"
}
Opening repository for path='/root/reactive/andariegos/andariegos/src/componentes' failed; ex=Failed to execute git {
  "exitCode": 128,
  "gitCommand": "rev-parse",
  "stdout": "",
  "stderr": "fatal: no es un repositorio git (ni ninguno de los directorios superiores): .git\n"
}
Opening repository for path='/root/reactive/andariegos/andariegos/src/componentes' failed; ex=Failed to execute git {
  "exitCode": 128,
  "gitCommand": "rev-parse",
  "stdout": "",
  "stderr": "fatal: no es un repositorio git (ni ninguno de los directorios superiores): .git\n"
}
Opening repository for path='/root/reactive/andariegos/andariegos/src/componentes' failed; ex=Failed to execute git {
  "exitCode": 128,
  "gitCommand": "rev-parse",
  "stdout": "",
  "stderr": "fatal: no es un repositorio git (ni ninguno de los directorios superiores): .git\n"
}
Opening repository for path='/root/reactive/andariegos/andariegos/src/componentes' failed; ex=Failed to execute git {
  "exitCode": 128,
  "gitCommand": "rev-parse",
  "stdout": "",
  "stderr": "fatal: no es un repositorio git (ni ninguno de los directorios superiores): .git\n"
}
Opening repository for path='/root/reactive/andariegos/andariegos/src/componentes' failed; ex=Failed to execute git {
  "exitCode": 128,
  "gitCommand": "rev-parse",
  "stdout": "",
  "stderr": "fatal: no es un repositorio git (ni ninguno de los directorios superiores): .git\n"
}
Opening repository for path='/root/reactive/andariegos/andariegos/src/componentes' failed; ex=Failed to execute git {
  "exitCode": 128,
  "gitCommand": "rev-parse",
  "stdout": "",
  "stderr": "fatal: no es un repositorio git (ni ninguno de los directorios superiores): .git\n"
}
Opening repository for path='/root/reactive/andariegos/andariegos/src/componentes' failed; ex=Failed to execute git {
  "exitCode": 128,
  "gitCommand": "rev-parse",
  "stdout": "",
  "stderr": "fatal: no es un repositorio git (ni ninguno de los directorios superiores): .git\n"
}
